app/build/outputs/logs/manifest-merger-debug-report.txt
-- Merging decision tree log ---
manifest
ADDED from src\main\AndroidManifest.xml:2:1-102:12
INJECTED from src\main\AndroidManifest.xml:2:1-102:12
INJECTED from src\main\AndroidManifest.xml:2:1-102:12
INJECTED from src\main\AndroidManifest.xml:2:1-102:12
MERGED from [com.android.support:design:28.0.0-rc01] AndroidManifest.xml:17:1-24:12
MERGED from [com.android.support:appcompat-v7:28.0.0-rc01] AndroidManifest.xml:17:1-22:12
MERGED from [com.android.support.constraint:constraint-layout:1.1.2] AndroidManifest.xml:2:1-11:12
MERGED from [com.google.android.gms:play-services-maps:11.6.2] AndroidManifest.xml:16:1-25:12
MERGED from [com.android.support:animated-vector-drawable:28.0.0-rc01] AndroidManifest.xml:17:1-22:12
MERGED from [com.android.support:support-vector-drawable:28.0.0-rc01] AndroidManifest.xml:17:1-22:12
MERGED from [com.android.support:transition:28.0.0-rc01] AndroidManifest.xml:17:1-22:12
MERGED from [com.android.support:recyclerview-v7:28.0.0-rc01] AndroidManifest.xml:17:1-22:12
MERGED from [com.google.android.gms:play-services-base:11.6.2] AndroidManifest.xml:16:1-21:12
MERGED from [com.google.android.gms:play-services-tasks:11.6.2] AndroidManifest.xml:2:1-5:12
MERGED from [com.google.android.gms:play-services-basement:11.6.2] AndroidManifest.xml:16:1-23:12
MERGED from [com.android.support:support-v4:25.2.0] AndroidManifest.xml:17:1-27:12
MERGED from [com.android.support:support-media-compat:25.2.0] AndroidManifest.xml:17:1-27:12
MERGED from [com.android.support:support-fragment:28.0.0-rc01] AndroidManifest.xml:17:1-22:12
MERGED from [com.android.support:support-core-ui:28.0.0-rc01] AndroidManifest.xml:17:1-22:12
MERGED from [com.android.support:support-core-utils:28.0.0-rc01] AndroidManifest.xml:17:1-22:12
MERGED from [com.android.support:loader:28.0.0-rc01] AndroidManifest.xml:17:1-22:12
MERGED from [com.android.support:viewpager:28.0.0-rc01] AndroidManifest.xml:17:1-22:12
MERGED from [com.android.support:coordinatorlayout:28.0.0-rc01] AndroidManifest.xml:17:1-22:12
MERGED from [com.android.support:drawerlayout:28.0.0-rc01] AndroidManifest.xml:17:1-22:12
MERGED from [com.android.support:slidingpanelayout:28.0.0-rc01] AndroidManifest.xml:17:1-22:12
MERGED from [com.android.support:customview:28.0.0-rc01] AndroidManifest.xml:17:1-22:12
MERGED from [com.android.support:swiperefreshlayout:28.0.0-rc01] AndroidManifest.xml:17:1-22:12
MERGED from [com.android.support:asynclayoutinflater:28.0.0-rc01] AndroidManifest.xml:17:1-22:12
MERGED from [com.android.support:support-compat:28.0.0-rc01] AndroidManifest.xml:17:1-24:12
MERGED from [com.android.support:versionedparcelable:28.0.0-rc01] AndroidManifest.xml:17:1-25:12
MERGED from [com.android.support:cursoradapter:28.0.0-rc01] AndroidManifest.xml:17:1-22:12
MERGED from [com.android.support:cardview-v7:28.0.0-rc01] AndroidManifest.xml:17:1-22:12
MERGED from [android.arch.lifecycle:runtime:1.1.1] AndroidManifest.xml:17:1-22:12
MERGED from [android.arch.lifecycle:livedata-core:1.1.1] AndroidManifest.xml:17:1-22:12
MERGED from [android.arch.core:runtime:1.1.1] AndroidManifest.xml:17:1-22:12
MERGED from [com.android.support:documentfile:28.0.0-rc01] AndroidManifest.xml:17:1-22:12
MERGED from [com.android.support:localbroadcastmanager:28.0.0-rc01] AndroidManifest.xml:17:1-22:12
MERGED from [com.android.support:print:28.0.0-rc01] AndroidManifest.xml:17:1-22:12
MERGED from [android.arch.lifecycle:viewmodel:1.1.1] AndroidManifest.xml:17:1-22:12
MERGED from [com.android.support:interpolator:28.0.0-rc01] AndroidManifest.xml:17:1-22:12
MERGED from [com.google.android.gms:play-services-maps-license:11.6.2] AndroidManifest.xml:2:1-6:12
MERGED from [com.google.android.gms:play-services-base-license:11.6.2] AndroidManifest.xml:2:1-6:12
MERGED from [com.google.android.gms:play-services-basement-license:11.6.2] AndroidManifest.xml:2:1-6:12
MERGED from [com.google.android.gms:play-services-tasks-license:11.6.2] AndroidManifest.xml:2:1-6:12
INJECTED from src\main\AndroidManifest.xml:2:1-102:12
INJECTED from src\main\AndroidManifest.xml:2:1-102:12
INJECTED from src\main\AndroidManifest.xml:2:1-102:12
	package
		ADDED from src\main\AndroidManifest.xml:3:5-44
		INJECTED from src\main\AndroidManifest.xml
		INJECTED from src\main\AndroidManifest.xml
	android:versionName
		INJECTED from src\main\AndroidManifest.xml
		ADDED from src\main\AndroidManifest.xml:2:1-102:12
		INJECTED from src\main\AndroidManifest.xml
	android:versionCode
		INJECTED from src\main\AndroidManifest.xml
		ADDED from src\main\AndroidManifest.xml:2:1-102:12
		INJECTED from src\main\AndroidManifest.xml
	xmlns:android
		ADDED from src\main\AndroidManifest.xml:2:11-69
uses-sdk
ADDED from src\main\AndroidManifest.xml:5:5-7:41
INJECTED from src\main\AndroidManifest.xml:5:5-7:41
INJECTED from src\main\AndroidManifest.xml:5:5-7:41
MERGED from [com.android.support:design:28.0.0-rc01] AndroidManifest.xml:20:5-44
MERGED from [com.android.support:design:28.0.0-rc01] AndroidManifest.xml:20:5-44
MERGED from [com.android.support:appcompat-v7:28.0.0-rc01] AndroidManifest.xml:20:5-44
MERGED from [com.android.support:appcompat-v7:28.0.0-rc01] AndroidManifest.xml:20:5-44
MERGED from [com.android.support.constraint:constraint-layout:1.1.2] AndroidManifest.xml:5:5-7:41
MERGED from [com.android.support.constraint:constraint-layout:1.1.2] AndroidManifest.xml:5:5-7:41
MERGED from [com.google.android.gms:play-services-maps:11.6.2] AndroidManifest.xml:23:5-43
MERGED from [com.google.android.gms:play-services-maps:11.6.2] AndroidManifest.xml:23:5-43
MERGED from [com.android.support:animated-vector-drawable:28.0.0-rc01] AndroidManifest.xml:20:5-44
MERGED from [com.android.support:animated-vector-drawable:28.0.0-rc01] AndroidManifest.xml:20:5-44
MERGED from [com.android.support:support-vector-drawable:28.0.0-rc01] AndroidManifest.xml:20:5-44
MERGED from [com.android.support:support-vector-drawable:28.0.0-rc01] AndroidManifest.xml:20:5-44
MERGED from [com.android.support:transition:28.0.0-rc01] AndroidManifest.xml:20:5-44
MERGED from [com.android.support:transition:28.0.0-rc01] AndroidManifest.xml:20:5-44
MERGED from [com.android.support:recyclerview-v7:28.0.0-rc01] AndroidManifest.xml:20:5-44
MERGED from [com.android.support:recyclerview-v7:28.0.0-rc01] AndroidManifest.xml:20:5-44
MERGED from [com.google.android.gms:play-services-base:11.6.2] AndroidManifest.xml:17:5-43
MERGED from [com.google.android.gms:play-services-base:11.6.2] AndroidManifest.xml:17:5-43
MERGED from [com.google.android.gms:play-services-tasks:11.6.2] AndroidManifest.xml:3:5-43
MERGED from [com.google.android.gms:play-services-tasks:11.6.2] AndroidManifest.xml:3:5-43
MERGED from [com.google.android.gms:play-services-basement:11.6.2] AndroidManifest.xml:17:5-43
MERGED from [com.google.android.gms:play-services-basement:11.6.2] AndroidManifest.xml:17:5-43
MERGED from [com.android.support:support-v4:25.2.0] AndroidManifest.xml:21:5-23:54
MERGED from [com.android.support:support-v4:25.2.0] AndroidManifest.xml:21:5-23:54
MERGED from [com.android.support:support-media-compat:25.2.0] AndroidManifest.xml:21:5-23:63
MERGED from [com.android.support:support-media-compat:25.2.0] AndroidManifest.xml:21:5-23:63
MERGED from [com.android.support:support-fragment:28.0.0-rc01] AndroidManifest.xml:20:5-44
MERGED from [com.android.support:support-fragment:28.0.0-rc01] AndroidManifest.xml:20:5-44
MERGED from [com.android.support:support-core-ui:28.0.0-rc01] AndroidManifest.xml:20:5-44
MERGED from [com.android.support:support-core-ui:28.0.0-rc01] AndroidManifest.xml:20:5-44
MERGED from [com.android.support:support-core-utils:28.0.0-rc01] AndroidManifest.xml:20:5-44
MERGED from [com.android.support:support-core-utils:28.0.0-rc01] AndroidManifest.xml:20:5-44
MERGED from [com.android.support:loader:28.0.0-rc01] AndroidManifest.xml:20:5-44
MERGED from [com.android.support:loader:28.0.0-rc01] AndroidManifest.xml:20:5-44
MERGED from [com.android.support:viewpager:28.0.0-rc01] AndroidManifest.xml:20:5-44
MERGED from [com.android.support:viewpager:28.0.0-rc01] AndroidManifest.xml:20:5-44
MERGED from [com.android.support:coordinatorlayout:28.0.0-rc01] AndroidManifest.xml:20:5-44
MERGED from [com.android.support:coordinatorlayout:28.0.0-rc01] AndroidManifest.xml:20:5-44
MERGED from [com.android.support:drawerlayout:28.0.0-rc01] AndroidManifest.xml:20:5-44
MERGED from [com.android.support:drawerlayout:28.0.0-rc01] AndroidManifest.xml:20:5-44
MERGED from [com.android.support:slidingpanelayout:28.0.0-rc01] AndroidManifest.xml:20:5-44
MERGED from [com.android.support:slidingpanelayout:28.0.0-rc01] AndroidManifest.xml:20:5-44
MERGED from [com.android.support:customview:28.0.0-rc01] AndroidManifest.xml:20:5-44
MERGED from [com.android.support:customview:28.0.0-rc01] AndroidManifest.xml:20:5-44
MERGED from [com.android.support:swiperefreshlayout:28.0.0-rc01] AndroidManifest.xml:20:5-44
MERGED from [com.android.support:swiperefreshlayout:28.0.0-rc01] AndroidManifest.xml:20:5-44
MERGED from [com.android.support:asynclayoutinflater:28.0.0-rc01] AndroidManifest.xml:20:5-44
MERGED from [com.android.support:asynclayoutinflater:28.0.0-rc01] AndroidManifest.xml:20:5-44
MERGED from [com.android.support:support-compat:28.0.0-rc01] AndroidManifest.xml:20:5-44
MERGED from [com.android.support:support-compat:28.0.0-rc01] AndroidManifest.xml:20:5-44
MERGED from [com.android.support:versionedparcelable:28.0.0-rc01] AndroidManifest.xml:20:5-44
MERGED from [com.android.support:versionedparcelable:28.0.0-rc01] AndroidManifest.xml:20:5-44
MERGED from [com.android.support:cursoradapter:28.0.0-rc01] AndroidManifest.xml:20:5-44
MERGED from [com.android.support:cursoradapter:28.0.0-rc01] AndroidManifest.xml:20:5-44
MERGED from [com.android.support:cardview-v7:28.0.0-rc01] AndroidManifest.xml:20:5-44
MERGED from [com.android.support:cardview-v7:28.0.0-rc01] AndroidManifest.xml:20:5-44
MERGED from [android.arch.lifecycle:runtime:1.1.1] AndroidManifest.xml:20:5-44
MERGED from [android.arch.lifecycle:runtime:1.1.1] AndroidManifest.xml:20:5-44
MERGED from [android.arch.lifecycle:livedata-core:1.1.1] AndroidManifest.xml:20:5-44
MERGED from [android.arch.lifecycle:livedata-core:1.1.1] AndroidManifest.xml:20:5-44
MERGED from [android.arch.core:runtime:1.1.1] AndroidManifest.xml:20:5-44
MERGED from [android.arch.core:runtime:1.1.1] AndroidManifest.xml:20:5-44
MERGED from [com.android.support:documentfile:28.0.0-rc01] AndroidManifest.xml:20:5-44
MERGED from [com.android.support:documentfile:28.0.0-rc01] AndroidManifest.xml:20:5-44
MERGED from [com.android.support:localbroadcastmanager:28.0.0-rc01] AndroidManifest.xml:20:5-44
MERGED from [com.android.support:localbroadcastmanager:28.0.0-rc01] AndroidManifest.xml:20:5-44
MERGED from [com.android.support:print:28.0.0-rc01] AndroidManifest.xml:20:5-44
MERGED from [com.android.support:print:28.0.0-rc01] AndroidManifest.xml:20:5-44
MERGED from [android.arch.lifecycle:viewmodel:1.1.1] AndroidManifest.xml:20:5-44
MERGED from [android.arch.lifecycle:viewmodel:1.1.1] AndroidManifest.xml:20:5-44
MERGED from [com.android.support:interpolator:28.0.0-rc01] AndroidManifest.xml:20:5-44
MERGED from [com.android.support:interpolator:28.0.0-rc01] AndroidManifest.xml:20:5-44
MERGED from [com.google.android.gms:play-services-maps-license:11.6.2] AndroidManifest.xml:4:5-43
MERGED from [com.google.android.gms:play-services-maps-license:11.6.2] AndroidManifest.xml:4:5-43
MERGED from [com.google.android.gms:play-services-base-license:11.6.2] AndroidManifest.xml:4:5-43
MERGED from [com.google.android.gms:play-services-base-license:11.6.2] AndroidManifest.xml:4:5-43
MERGED from [com.google.android.gms:play-services-basement-license:11.6.2] AndroidManifest.xml:4:5-43
MERGED from [com.google.android.gms:play-services-basement-license:11.6.2] AndroidManifest.xml:4:5-43
MERGED from [com.google.android.gms:play-services-tasks-license:11.6.2] AndroidManifest.xml:4:5-43
MERGED from [com.google.android.gms:play-services-tasks-license:11.6.2] AndroidManifest.xml:4:5-43
INJECTED from src\main\AndroidManifest.xml:5:5-7:41
INJECTED from src\main\AndroidManifest.xml:5:5-7:41
	tools:overrideLibrary
		ADDED from [com.android.support:support-v4:25.2.0] AndroidManifest.xml:23:9-51
	android:targetSdkVersion
		ADDED from src\main\AndroidManifest.xml:7:9-38
		INJECTED from src\main\AndroidManifest.xml
		INJECTED from src\main\AndroidManifest.xml
	android:minSdkVersion
		ADDED from src\main\AndroidManifest.xml:6:9-34
		INJECTED from src\main\AndroidManifest.xml
		INJECTED from src\main\AndroidManifest.xml
uses-permission#android.permission.INTERNET
ADDED from src\main\AndroidManifest.xml:9:5-67
MERGED from [com.google.android.gms:play-services-maps:11.6.2] AndroidManifest.xml:20:5-66
MERGED from [com.google.android.gms:play-services-maps:11.6.2] AndroidManifest.xml:20:5-66
	android:name
		ADDED from src\main\AndroidManifest.xml:9:22-64
uses-permission#android.permission.GET_ACCOUNTS
ADDED from src\main\AndroidManifest.xml:10:5-71
	android:name
		ADDED from src\main\AndroidManifest.xml:10:22-68
uses-permission#android.permission.READ_PROFILE
ADDED from src\main\AndroidManifest.xml:11:5-71
	android:name
		ADDED from src\main\AndroidManifest.xml:11:22-68
uses-permission#android.permission.READ_CONTACTS
ADDED from src\main\AndroidManifest.xml:12:5-72
	android:name
		ADDED from src\main\AndroidManifest.xml:12:22-69
uses-permission#android.permission.WRITE_CONTACTS
ADDED from src\main\AndroidManifest.xml:13:5-73
	android:name
		ADDED from src\main\AndroidManifest.xml:13:22-70
uses-permission#android.permission.ACCESS_FINE_LOCATION
ADDED from src\main\AndroidManifest.xml:14:5-79
	android:name
		ADDED from src\main\AndroidManifest.xml:14:22-76
uses-permission#android.permission.ACCESS_COARSE_LOCATION
ADDED from src\main\AndroidManifest.xml:15:5-81
	android:name
		ADDED from src\main\AndroidManifest.xml:15:22-78
uses-permission#android.permission.WRITE_EXTERNAL_STORAGE
ADDED from src\main\AndroidManifest.xml:21:5-81
	android:name
		ADDED from src\main\AndroidManifest.xml:21:22-78
uses-permission#android.permission.RECORD_AUDIO
ADDED from src\main\AndroidManifest.xml:22:5-71
	android:name
		ADDED from src\main\AndroidManifest.xml:22:22-68
uses-permission#android.permission.STORAGE
ADDED from src\main\AndroidManifest.xml:23:5-66
	android:name
		ADDED from src\main\AndroidManifest.xml:23:22-63
uses-permission#android.permission.SEND_SMS
ADDED from src\main\AndroidManifest.xml:24:5-67
	android:name
		ADDED from src\main\AndroidManifest.xml:24:22-64
uses-permission#android.permission.RECEIVE_SMS
ADDED from src\main\AndroidManifest.xml:25:5-70
	android:name
		ADDED from src\main\AndroidManifest.xml:25:22-67
uses-permission#android.permission.ACCESS_WIFI_STATE
ADDED from src\main\AndroidManifest.xml:26:5-76
	android:name
		ADDED from src\main\AndroidManifest.xml:26:22-73
uses-permission#android.permission.CHANGE_WIFI_STATE
ADDED from src\main\AndroidManifest.xml:28:5-76
	android:name
		ADDED from src\main\AndroidManifest.xml:28:22-73
uses-permission#android.permission.READ_PHONE_STATE
ADDED from src\main\AndroidManifest.xml:29:5-75
	android:name
		ADDED from src\main\AndroidManifest.xml:29:22-72
uses-permission#android.permission.READ_EXTERNAL_STORAGE
ADDED from src\main\AndroidManifest.xml:30:5-80
	android:name
		ADDED from src\main\AndroidManifest.xml:30:22-77
application
ADDED from src\main\AndroidManifest.xml:32:5-100:19
MERGED from [com.android.support:design:28.0.0-rc01] AndroidManifest.xml:22:5-20
MERGED from [com.android.support:design:28.0.0-rc01] AndroidManifest.xml:22:5-20
MERGED from [com.android.support.constraint:constraint-layout:1.1.2] AndroidManifest.xml:9:5-20
MERGED from [com.android.support.constraint:constraint-layout:1.1.2] AndroidManifest.xml:9:5-20
MERGED from [com.google.android.gms:play-services-maps:11.6.2] AndroidManifest.xml:24:5-19
MERGED from [com.google.android.gms:play-services-maps:11.6.2] AndroidManifest.xml:24:5-19
MERGED from [com.google.android.gms:play-services-base:11.6.2] AndroidManifest.xml:18:5-20:19
MERGED from [com.google.android.gms:play-services-base:11.6.2] AndroidManifest.xml:18:5-20:19
MERGED from [com.google.android.gms:play-services-tasks:11.6.2] AndroidManifest.xml:4:5-19
MERGED from [com.google.android.gms:play-services-tasks:11.6.2] AndroidManifest.xml:4:5-19
MERGED from [com.google.android.gms:play-services-basement:11.6.2] AndroidManifest.xml:19:5-21:19
MERGED from [com.google.android.gms:play-services-basement:11.6.2] AndroidManifest.xml:19:5-21:19
MERGED from [com.android.support:support-v4:25.2.0] AndroidManifest.xml:25:5-20
MERGED from [com.android.support:support-v4:25.2.0] AndroidManifest.xml:25:5-20
MERGED from [com.android.support:support-media-compat:25.2.0] AndroidManifest.xml:25:5-20
MERGED from [com.android.support:support-media-compat:25.2.0] AndroidManifest.xml:25:5-20
MERGED from [com.android.support:support-compat:28.0.0-rc01] AndroidManifest.xml:22:5-94
MERGED from [com.android.support:support-compat:28.0.0-rc01] AndroidManifest.xml:22:5-94
MERGED from [com.android.support:versionedparcelable:28.0.0-rc01] AndroidManifest.xml:22:5-23:19
MERGED from [com.android.support:versionedparcelable:28.0.0-rc01] AndroidManifest.xml:22:5-23:19
MERGED from [com.google.android.gms:play-services-maps-license:11.6.2] AndroidManifest.xml:5:5-20
MERGED from [com.google.android.gms:play-services-maps-license:11.6.2] AndroidManifest.xml:5:5-20
MERGED from [com.google.android.gms:play-services-base-license:11.6.2] AndroidManifest.xml:5:5-20
MERGED from [com.google.android.gms:play-services-base-license:11.6.2] AndroidManifest.xml:5:5-20
MERGED from [com.google.android.gms:play-services-basement-license:11.6.2] AndroidManifest.xml:5:5-20
MERGED from [com.google.android.gms:play-services-basement-license:11.6.2] AndroidManifest.xml:5:5-20
MERGED from [com.google.android.gms:play-services-tasks-license:11.6.2] AndroidManifest.xml:5:5-20
MERGED from [com.google.android.gms:play-services-tasks-license:11.6.2] AndroidManifest.xml:5:5-20
	android:appComponentFactory
		ADDED from [com.android.support:support-compat:28.0.0-rc01] AndroidManifest.xml:22:18-91
	android:supportsRtl
		ADDED from src\main\AndroidManifest.xml:37:9-35
	android:label
		ADDED from src\main\AndroidManifest.xml:35:9-34
	android:roundIcon
		ADDED from src\main\AndroidManifest.xml:36:9-54
	android:icon
		ADDED from src\main\AndroidManifest.xml:34:9-38
	android:allowBackup
		ADDED from src\main\AndroidManifest.xml:33:9-35
	android:theme
		ADDED from src\main\AndroidManifest.xml:38:9-40
activity#com.example.thensi.safe_zone1.Main2Activity
ADDED from src\main\AndroidManifest.xml:39:9-60
	android:name
		ADDED from src\main\AndroidManifest.xml:39:19-48
activity#com.example.thensi.safe_zone1.Main
ADDED from src\main\AndroidManifest.xml:40:9-43:68
	android:label
		ADDED from src\main\AndroidManifest.xml:42:13-38
	android:theme
		ADDED from src\main\AndroidManifest.xml:43:13-56
	android:name
		ADDED from src\main\AndroidManifest.xml:41:13-33
activity#com.example.thensi.safe_zone1.SplashScreen
ADDED from src\main\AndroidManifest.xml:44:9-52:20
	android:label
		ADDED from src\main\AndroidManifest.xml:46:13-30
	android:name
		ADDED from src\main\AndroidManifest.xml:45:13-41
intent-filter#action:name:android.intent.action.MAIN+category:name:android.intent.category.LAUNCHER
ADDED from src\main\AndroidManifest.xml:47:13-51:29
action#android.intent.action.MAIN
ADDED from src\main\AndroidManifest.xml:48:17-69
	android:name
		ADDED from src\main\AndroidManifest.xml:48:25-66
category#android.intent.category.LAUNCHER
ADDED from src\main\AndroidManifest.xml:50:17-77
	android:name
		ADDED from src\main\AndroidManifest.xml:50:27-74
activity#com.example.thensi.safe_zone1.Welcome
ADDED from src\main\AndroidManifest.xml:53:9-54
	android:name
		ADDED from src\main\AndroidManifest.xml:53:19-42
activity#com.example.thensi.safe_zone1.login
ADDED from src\main\AndroidManifest.xml:54:9-56:37
	android:label
		ADDED from src\main\AndroidManifest.xml:56:13-34
	android:name
		ADDED from src\main\AndroidManifest.xml:55:13-34
activity#com.example.thensi.safe_zone1.signup
ADDED from src\main\AndroidManifest.xml:57:9-59:39
	android:label
		ADDED from src\main\AndroidManifest.xml:59:13-36
	android:name
		ADDED from src\main\AndroidManifest.xml:58:13-35
activity#com.example.thensi.safe_zone1.forgot
ADDED from src\main\AndroidManifest.xml:60:9-62:47
	android:label
		ADDED from src\main\AndroidManifest.xml:62:13-44
	android:name
		ADDED from src\main\AndroidManifest.xml:61:13-35
meta-data#com.google.android.geo.API_KEY
ADDED from src\main\AndroidManifest.xml:71:9-73:55
	android:value
		ADDED from src\main\AndroidManifest.xml:73:13-52
	android:name
		ADDED from src\main\AndroidManifest.xml:72:13-58
activity#com.example.thensi.safe_zone1.GPS_Tracker
ADDED from src\main\AndroidManifest.xml:75:9-77:67
	android:label
		ADDED from src\main\AndroidManifest.xml:77:13-64
	android:name
		ADDED from src\main\AndroidManifest.xml:76:13-40
activity#com.example.thensi.safe_zone1.Rate
ADDED from src\main\AndroidManifest.xml:78:9-80:39
	android:label
		ADDED from src\main\AndroidManifest.xml:80:13-36
	android:name
		ADDED from src\main\AndroidManifest.xml:79:13-33
activity#com.example.thensi.safe_zone1.ListPhoneContactsActivity
ADDED from src\main\AndroidManifest.xml:81:9-63
	android:name
		ADDED from src\main\AndroidManifest.xml:81:19-60
activity#com.example.thensi.safe_zone1.AddPhoneContactActivity
ADDED from src\main\AndroidManifest.xml:82:9-61
	android:name
		ADDED from src\main\AndroidManifest.xml:82:19-58
activity#com.example.thensi.safe_zone1.confirmpassword
ADDED from src\main\AndroidManifest.xml:83:9-85:46
	android:label
		ADDED from src\main\AndroidManifest.xml:85:13-43
	android:name
		ADDED from src\main\AndroidManifest.xml:84:13-44
activity#com.example.thensi.safe_zone1.SedEmail
ADDED from src\main\AndroidManifest.xml:86:9-88:37
	android:label
		ADDED from src\main\AndroidManifest.xml:88:13-34
	android:name
		ADDED from src\main\AndroidManifest.xml:87:13-37
activity#com.example.thensi.safe_zone1.AudioRecoder
ADDED from src\main\AndroidManifest.xml:89:9-50
	android:name
		ADDED from src\main\AndroidManifest.xml:89:19-47
activity#com.example.thensi.safe_zone1.SendSms
ADDED from src\main\AndroidManifest.xml:90:9-92:39
	android:label
		ADDED from src\main\AndroidManifest.xml:92:13-36
	android:name
		ADDED from src\main\AndroidManifest.xml:91:13-36
activity#com.example.thensi.safe_zone1.List
ADDED from src\main\AndroidManifest.xml:93:9-42
	android:name
		ADDED from src\main\AndroidManifest.xml:93:19-39
activity#com.example.thensi.safe_zone1.Otp
ADDED from src\main\AndroidManifest.xml:94:9-96:35
	android:label
		ADDED from src\main\AndroidManifest.xml:96:13-32
	android:name
		ADDED from src\main\AndroidManifest.xml:95:13-32
activity#com.example.thensi.safe_zone1.Update
ADDED from src\main\AndroidManifest.xml:97:9-99:47
	android:label
		ADDED from src\main\AndroidManifest.xml:99:13-44
	android:name
		ADDED from src\main\AndroidManifest.xml:98:13-35
uses-permission#android.permission.ACCESS_NETWORK_STATE
ADDED from [com.google.android.gms:play-services-maps:11.6.2] AndroidManifest.xml:19:5-78
	android:name
		ADDED from [com.google.android.gms:play-services-maps:11.6.2] AndroidManifest.xml:19:22-76
uses-feature#0x00020000
ADDED from [com.google.android.gms:play-services-maps:11.6.2] AndroidManifest.xml:21:5-77
	android:glEsVersion
		ADDED from [com.google.android.gms:play-services-maps:11.6.2] AndroidManifest.xml:21:19-51
	android:required
		ADDED from [com.google.android.gms:play-services-maps:11.6.2] AndroidManifest.xml:21:52-75
activity#com.google.android.gms.common.api.GoogleApiActivity
ADDED from [com.google.android.gms:play-services-base:11.6.2] AndroidManifest.xml:19:9-172
	android:exported
		ADDED from [com.google.android.gms:play-services-base:11.6.2] AndroidManifest.xml:19:146-170
	android:theme
		ADDED from [com.google.android.gms:play-services-base:11.6.2] AndroidManifest.xml:19:86-145
	android:name
		ADDED from [com.google.android.gms:play-services-base:11.6.2] AndroidManifest.xml:19:19-85
meta-data#com.google.android.gms.version
ADDED from [com.google.android.gms:play-services-basement:11.6.2] AndroidManifest.xml:20:9-121
	android:value
		ADDED from [com.google.android.gms:play-services-basement:11.6.2] AndroidManifest.xml:20:66-119
	android:name
		ADDED from [com.google.android.gms:play-services-basement:11.6.2] AndroidManifest.xml:20:20-65